#
# There is insufficient memory for the Java Runtime Environment to continue.
# Native memory allocation (mmap) failed to map 130023424 bytes for G1 virtual space
# Possible reasons:
#   The system is out of physical RAM or swap space
#   The process is running with CompressedOops enabled, and the Java Heap may be blocking the growth of the native heap
# Possible solutions:
#   Reduce memory load on the system
#   Increase physical memory or swap space
#   Check if swap backing store is full
#   Decrease Java heap size (-Xmx/-Xms)
#   Decrease number of Java threads
#   Decrease Java thread stack sizes (-Xss)
#   Set larger code cache with -XX:ReservedCodeCacheSize=
#   JVM is running with Unscaled Compressed Oops mode in which the Java heap is
#     placed in the first 4GB address space. The Java Heap base address is the
#     maximum limit for the native heap growth. Please use -XX:HeapBaseMinAddress
#     to set the Java Heap base and to place the Java Heap above 4GB virtual address.
# This output file may be truncated or incomplete.
#
#  Out of Memory Error (os_windows.cpp:3769), pid=7752, tid=118420
#
# JRE version:  (17.0.6+10) (build )
# Java VM: OpenJDK 64-Bit Server VM (17.0.6+10-b829.9, mixed mode, sharing, tiered, compressed oops, compressed class ptrs, g1 gc, windows-amd64)
# No core dump will be written. Minidumps are not enabled by default on client versions of Windows
#

---------------  S U M M A R Y ------------

Command Line: git4idea.http.GitAskPassApp Username for 'https://github.com': 

Host: 11th Gen Intel(R) Core(TM) i5-1135G7 @ 2.40GHz, 8 cores, 7G,  Windows 10 , 64 bit Build 19041 (10.0.19041.3155)
Time: Thu Aug  3 08:54:02 2023  Windows 10 , 64 bit Build 19041 (10.0.19041.3155) elapsed time: 0.023220 seconds (0d 0h 0m 0s)

---------------  T H R E A D  ---------------

Current thread (0x000001a13df28ac0):  JavaThread "Unknown thread" [_thread_in_vm, id=118420, stack(0x000000922c300000,0x000000922c400000)]

Stack: [0x000000922c300000,0x000000922c400000]
Native frames: (J=compiled Java code, j=interpreted, Vv=VM code, C=native code)
V  [jvm.dll+0x683c5a]
V  [jvm.dll+0x842764]
V  [jvm.dll+0x843f5e]
V  [jvm.dll+0x8445c3]
V  [jvm.dll+0x249b75]
V  [jvm.dll+0x680b29]
V  [jvm.dll+0x67501a]
V  [jvm.dll+0x309acb]
V  [jvm.dll+0x310f86]
V  [jvm.dll+0x3608ee]
V  [jvm.dll+0x360b1f]
V  [jvm.dll+0x2dfbf8]
V  [jvm.dll+0x2e0b64]
V  [jvm.dll+0x814051]
V  [jvm.dll+0x36e6a1]
V  [jvm.dll+0x7f358c]
V  [jvm.dll+0x3f0e8f]
V  [jvm.dll+0x3f29d1]
C  [jli.dll+0x526b]
C  [ucrtbase.dll+0x21bb2]
C  [KERNEL32.DLL+0x17614]
C  [ntdll.dll+0x526b1]


---------------  P R O C E S S  ---------------

Threads class SMR info:
_java_thread_list=0x00007ffe4f65c058, length=0, elements={
}

Java Threads: ( => current thread )

Other Threads:
  0x000001a13df83d40 GCTaskThread "GC Thread#0" [stack: 0x000000922c400000,0x000000922c500000] [id=116868]
  0x000001a13df94180 ConcurrentGCThread "G1 Main Marker" [stack: 0x000000922c500000,0x000000922c600000] [id=119248]
  0x000001a13df94b90 ConcurrentGCThread "G1 Conc#0" [stack: 0x000000922c600000,0x000000922c700000] [id=73868]

[error occurred during error reporting (printing all threads), id 0xc0000005, EXCEPTION_ACCESS_VIOLATION (0xc0000005) at pc=0x00007ffe4ee10797]

VM state: not at safepoint (not fully initialized)

VM Mutex/Monitor currently owned by a thread:  ([mutex/lock_event])
[0x000001a13df23700] Heap_lock - owner thread: 0x000001a13df28ac0

Heap address: 0x0000000085800000, size: 1960 MB, Compressed Oops mode: 32-bit

CDS archive(s) mapped at: [0x0000000000000000-0x0000000000000000-0x0000000000000000), size 0, SharedBaseAddress: 0x0000000800000000, ArchiveRelocationMode: 0.
Narrow klass base: 0x0000000000000000, Narrow klass shift: 0, Narrow klass range: 0x0

GC Precious Log:
<Empty>

Heap:
 garbage-first heap   total 0K, used 0K [0x0000000085800000, 0x0000000100000000)
  region size 1024K, 0 young (0K), 0 survivors (0K)

[error occurred during error reporting (printing heap information), id 0xc0000005, EXCEPTION_ACCESS_VIOLATION (0xc0000005) at pc=0x00007ffe4f1fda49]

GC Heap History (0 events):
No events

Dll operation events (1 events):
Event: 0.015 Loaded shared library C:\Program Files\JetBrains\IntelliJ IDEA Community Edition 2023.1.2\jbr\bin\java.dll

Deoptimization events (0 events):
No events

Classes unloaded (0 events):
No events

Classes redefined (0 events):
No events

Internal exceptions (0 events):
No events

VM Operations (0 events):
No events

Events (0 events):
No events


Dynamic libraries:
0x00007ff6f0340000 - 0x00007ff6f034a000 	C:\Program Files\JetBrains\IntelliJ IDEA Community Edition 2023.1.2\jbr\bin\java.exe
0x00007ffeda6d0000 - 0x00007ffeda8c8000 	C:\windows\SYSTEM32\ntdll.dll
0x00007ffed9db0000 - 0x00007ffed9e6f000 	C:\windows\System32\KERNEL32.DLL
0x00007ffed7e40000 - 0x00007ffed8136000 	C:\windows\System32\KERNELBASE.dll
0x00007ffed8300000 - 0x00007ffed8400000 	C:\windows\System32\ucrtbase.dll
0x00007ffeb2e30000 - 0x00007ffeb2e47000 	C:\Program Files\JetBrains\IntelliJ IDEA Community Edition 2023.1.2\jbr\bin\jli.dll
0x00007ffea3b90000 - 0x00007ffea3bab000 	C:\Program Files\JetBrains\IntelliJ IDEA Community Edition 2023.1.2\jbr\bin\VCRUNTIME140.dll
0x00007ffed8fc0000 - 0x00007ffed915d000 	C:\windows\System32\USER32.dll
0x00007ffed8560000 - 0x00007ffed8582000 	C:\windows\System32\win32u.dll
0x00007ffeda660000 - 0x00007ffeda68c000 	C:\windows\System32\GDI32.dll
0x00007ffebcb40000 - 0x00007ffebcdda000 	C:\windows\WinSxS\amd64_microsoft.windows.common-controls_6595b64144ccf1df_6.0.19041.1110_none_60b5254171f9507e\COMCTL32.dll
0x00007ffed81e0000 - 0x00007ffed82f5000 	C:\windows\System32\gdi32full.dll
0x00007ffed9d10000 - 0x00007ffed9dae000 	C:\windows\System32\msvcrt.dll
0x00007ffed8640000 - 0x00007ffed86dd000 	C:\windows\System32\msvcp_win.dll
0x00007ffed9e70000 - 0x00007ffed9ea0000 	C:\windows\System32\IMM32.DLL
0x00007ffeb2eb0000 - 0x00007ffeb2ebc000 	C:\Program Files\JetBrains\IntelliJ IDEA Community Edition 2023.1.2\jbr\bin\vcruntime140_1.dll
0x00007ffe94ca0000 - 0x00007ffe94d2d000 	C:\Program Files\JetBrains\IntelliJ IDEA Community Edition 2023.1.2\jbr\bin\msvcp140.dll
0x00007ffe4eb20000 - 0x00007ffe4f78e000 	C:\Program Files\JetBrains\IntelliJ IDEA Community Edition 2023.1.2\jbr\bin\server\jvm.dll
0x00007ffed9c00000 - 0x00007ffed9caf000 	C:\windows\System32\ADVAPI32.dll
0x00007ffeda260000 - 0x00007ffeda2fc000 	C:\windows\System32\sechost.dll
0x00007ffed9350000 - 0x00007ffed9476000 	C:\windows\System32\RPCRT4.dll
0x00007ffeb66c0000 - 0x00007ffeb66e7000 	C:\windows\SYSTEM32\WINMM.dll
0x00007ffecf330000 - 0x00007ffecf33a000 	C:\windows\SYSTEM32\VERSION.dll
0x00007ffeba7a0000 - 0x00007ffeba7a9000 	C:\windows\SYSTEM32\WSOCK32.dll
0x00007ffed92e0000 - 0x00007ffed934b000 	C:\windows\System32\ws2_32.DLL
0x00007ffed65f0000 - 0x00007ffed6602000 	C:\windows\SYSTEM32\kernel.appcore.dll
0x00007ffed0eb0000 - 0x00007ffed0eba000 	C:\Program Files\JetBrains\IntelliJ IDEA Community Edition 2023.1.2\jbr\bin\jimage.dll
0x00007ffed59c0000 - 0x00007ffed5ba4000 	C:\windows\SYSTEM32\DBGHELP.DLL
0x00007ffebd360000 - 0x00007ffebd394000 	C:\windows\SYSTEM32\dbgcore.DLL
0x00007ffed7db0000 - 0x00007ffed7e32000 	C:\windows\System32\bcryptPrimitives.dll
0x00007ffebdfb0000 - 0x00007ffebdfd5000 	C:\Program Files\JetBrains\IntelliJ IDEA Community Edition 2023.1.2\jbr\bin\java.dll

dbghelp: loaded successfully - version: 4.0.5 - missing functions: none
symbol engine: initialized successfully - sym options: 0x614 - pdb path: .;C:\Program Files\JetBrains\IntelliJ IDEA Community Edition 2023.1.2\jbr\bin;C:\windows\SYSTEM32;C:\windows\WinSxS\amd64_microsoft.windows.common-controls_6595b64144ccf1df_6.0.19041.1110_none_60b5254171f9507e;C:\Program Files\JetBrains\IntelliJ IDEA Community Edition 2023.1.2\jbr\bin\server

VM Arguments:
java_command: git4idea.http.GitAskPassApp Username for 'https://github.com': 
java_class_path (initial): C:/Program Files/JetBrains/IntelliJ IDEA Community Edition 2023.1.2/plugins/vcs-git/lib/git4idea-rt.jar;C:/Program Files/JetBrains/IntelliJ IDEA Community Edition 2023.1.2/lib/externalProcess-rt.jar
Launcher Type: SUN_STANDARD

[Global flags]
     intx CICompilerCount                          = 4                                         {product} {ergonomic}
     uint ConcGCThreads                            = 2                                         {product} {ergonomic}
     uint G1ConcRefinementThreads                  = 8                                         {product} {ergonomic}
   size_t G1HeapRegionSize                         = 1048576                                   {product} {ergonomic}
    uintx GCDrainStackTargetSize                   = 64                                        {product} {ergonomic}
   size_t InitialHeapSize                          = 130023424                                 {product} {ergonomic}
   size_t MarkStackSize                            = 4194304                                   {product} {ergonomic}
   size_t MaxHeapSize                              = 2055208960                                {product} {ergonomic}
   size_t MinHeapDeltaBytes                        = 1048576                                   {product} {ergonomic}
   size_t MinHeapSize                              = 8388608                                   {product} {ergonomic}
    uintx NonNMethodCodeHeapSize                   = 5839372                                {pd product} {ergonomic}
    uintx NonProfiledCodeHeapSize                  = 122909434                              {pd product} {ergonomic}
    uintx ProfiledCodeHeapSize                     = 122909434                              {pd product} {ergonomic}
    uintx ReservedCodeCacheSize                    = 251658240                              {pd product} {ergonomic}
     bool SegmentedCodeCache                       = true                                      {product} {ergonomic}
   size_t SoftMaxHeapSize                          = 2055208960                             {manageable} {ergonomic}
     bool UseCompressedClassPointers               = true                           {product lp64_product} {ergonomic}
     bool UseCompressedOops                        = true                           {product lp64_product} {ergonomic}
     bool UseG1GC                                  = true                                      {product} {ergonomic}
     bool UseLargePagesIndividualAllocation        = false                                  {pd product} {ergonomic}

Logging:
Log output configuration:
 #0: stdout all=warning uptime,level,tags
 #1: stderr all=off uptime,level,tags

Environment Variables:
PATH=C:\Program Files\Git\mingw64\libexec\git-core;C:\Program Files\Git\mingw64\libexec\git-core;C:\Program Files\Git\mingw64\bin;C:\Program Files\Git\usr\bin;C:\Users\HP\bin;C:\windows\system32;C:\windows;C:\windows\System32\Wbem;C:\windows\System32\WindowsPowerShell\v1.0;C:\windows\System32\OpenSSH;C:\Program Files\Git\cmd;C:\Users\HP\AppData\Local\Microsoft\WindowsApps
USERNAME=HP
DISPLAY=:0.0
LC_ALL=en_US.UTF-8
TERM=xterm-256color
TMPDIR=C:\Users\HP\AppData\Local\Temp
OS=Windows_NT
PROCESSOR_IDENTIFIER=Intel64 Family 6 Model 140 Stepping 1, GenuineIntel
TMP=C:\Users\HP\AppData\Local\Temp
TEMP=C:\Users\HP\AppData\Local\Temp


JNI global refs:

[error occurred during error reporting (JNI global references), id 0xc0000005, EXCEPTION_ACCESS_VIOLATION (0xc0000005) at pc=0x00007ffe4ebd7a10]


---------------  S Y S T E M  ---------------

OS:
 Windows 10 , 64 bit Build 19041 (10.0.19041.3155)
OS uptime: 10 days 0:02 hours

CPU: total 8 (initial active 8) (4 cores per cpu, 2 threads per core) family 6 model 140 stepping 1 microcode 0x8a, cx8, cmov, fxsr, ht, mmx, 3dnowpref, sse, sse2, sse3, ssse3, sse4.1, sse4.2, popcnt, lzcnt, tsc, tscinvbit, avx, avx2, aes, erms, clmul, bmi1, bmi2, adx, avx512f, avx512dq, avx512cd, avx512bw, avx512vl, sha, fma, vzeroupper, avx512_vpopcntdq, avx512_vpclmulqdq, avx512_vaes, avx512_vnni, clflush, clflushopt, clwb, avx512_vbmi2, avx512_vbmi

Memory: 4k page, system-wide physical 7834M (346M free)
TotalPageFile size 31386M (AvailPageFile size 111M)
current process WorkingSet (physical memory assigned to process): 10M, peak: 10M
current process commit charge ("private bytes"): 60M, peak: 184M

vm_info: OpenJDK 64-Bit Server VM (17.0.6+10-b829.9) for windows-amd64 JRE (17.0.6+10-b829.9), built on 2023-04-09 by "builduser" with MS VC++ 16.10 / 16.11 (VS2019)

END.
